<?xml version="1.0" encoding="UTF-8" ?>
<testsuite failures="0" time="0.016" errors="0" skipped="0" tests="2" name="testautomation.testcases.FacebookPearsonHSCTests">
  <properties>
    <property name="java.runtime.name" value="Java(TM) SE Runtime Environment"/>
    <property name="sun.boot.library.path" value="C:\Program Files\Java\jdk1.6.0_24\jre\bin"/>
    <property name="java.vm.version" value="19.1-b02"/>
    <property name="java.vm.vendor" value="Sun Microsystems Inc."/>
    <property name="java.vendor.url" value="http://java.sun.com/"/>
    <property name="path.separator" value=";"/>
    <property name="java.vm.name" value="Java HotSpot(TM) Client VM"/>
    <property name="file.encoding.pkg" value="sun.io"/>
    <property name="user.country" value="US"/>
    <property name="sun.java.launcher" value="SUN_STANDARD"/>
    <property name="sun.os.patch.level" value="Service Pack 3"/>
    <property name="java.vm.specification.name" value="Java Virtual Machine Specification"/>
    <property name="user.dir" value="D:\Java Program\TestFramework"/>
    <property name="java.runtime.version" value="1.6.0_24-b07"/>
    <property name="java.awt.graphicsenv" value="sun.awt.Win32GraphicsEnvironment"/>
    <property name="basedir" value="D:\Java Program\TestFramework"/>
    <property name="java.endorsed.dirs" value="C:\Program Files\Java\jdk1.6.0_24\jre\lib\endorsed"/>
    <property name="os.arch" value="x86"/>
    <property name="surefire.real.class.path" value="C:\DOCUME~1\Anil\LOCALS~1\Temp\surefirebooter6369019798618719621.jar"/>
    <property name="java.io.tmpdir" value="C:\DOCUME~1\Anil\LOCALS~1\Temp\"/>
    <property name="line.separator" value="
"/>
    <property name="java.vm.specification.vendor" value="Sun Microsystems Inc."/>
    <property name="user.variant" value=""/>
    <property name="os.name" value="Windows XP"/>
    <property name="sun.jnu.encoding" value="Cp1252"/>
    <property name="java.library.path" value="C:\Program Files\Java\jdk1.6.0_24\jre\bin;.;C:\WINDOWS\Sun\Java\bin;C:\WINDOWS\system32;C:\WINDOWS;C:\WINDOWS\system32;C:\WINDOWS;C:\WINDOWS\System32\Wbem;C:\Program Files\Bitvise Tunnelier;C:\Program Files\TortoiseSVN\bin;C:\Program Files\Java\jdk1.6.0_24\bin;D:\workspace\apache-maven-3.0.4\bin"/>
    <property name="surefire.test.class.path" value="D:\Java Program\TestFramework\target\test-classes;D:\Java Program\TestFramework\target\classes;C:\Documents and Settings\Anil\.m2\repository\org\seleniumhq\selenium\selenium-server\2.28.0\selenium-server-2.28.0.jar;C:\Documents and Settings\Anil\.m2\repository\org\bouncycastle\bcprov-jdk15on\1.47\bcprov-jdk15on-1.47.jar;C:\Documents and Settings\Anil\.m2\repository\org\bouncycastle\bcpkix-jdk15on\1.47\bcpkix-jdk15on-1.47.jar;C:\Documents and Settings\Anil\.m2\repository\mx4j\mx4j-tools\3.0.1\mx4j-tools-3.0.1.jar;C:\Documents and Settings\Anil\.m2\repository\org\mortbay\jetty\servlet-api-2.5\6.1.9\servlet-api-2.5-6.1.9.jar;C:\Documents and Settings\Anil\.m2\repository\org\seleniumhq\selenium\jetty-repacked\7.6.1\jetty-repacked-7.6.1.jar;C:\Documents and Settings\Anil\.m2\repository\net\jcip\jcip-annotations\1.0\jcip-annotations-1.0.jar;C:\Documents and Settings\Anil\.m2\repository\org\seleniumhq\selenium\selenium-java\2.28.0\selenium-java-2.28.0.jar;C:\Documents and Settings\Anil\.m2\repository\org\seleniumhq\selenium\selenium-android-driver\2.28.0\selenium-android-driver-2.28.0.jar;C:\Documents and Settings\Anil\.m2\repository\org\seleniumhq\selenium\selenium-remote-driver\2.28.0\selenium-remote-driver-2.28.0.jar;C:\Documents and Settings\Anil\.m2\repository\cglib\cglib-nodep\2.1_3\cglib-nodep-2.1_3.jar;C:\Documents and Settings\Anil\.m2\repository\org\json\json\20080701\json-20080701.jar;C:\Documents and Settings\Anil\.m2\repository\com\google\guava\guava\13.0.1\guava-13.0.1.jar;C:\Documents and Settings\Anil\.m2\repository\org\seleniumhq\selenium\selenium-chrome-driver\2.28.0\selenium-chrome-driver-2.28.0.jar;C:\Documents and Settings\Anil\.m2\repository\org\seleniumhq\selenium\selenium-htmlunit-driver\2.28.0\selenium-htmlunit-driver-2.28.0.jar;C:\Documents and Settings\Anil\.m2\repository\org\seleniumhq\selenium\selenium-api\2.28.0\selenium-api-2.28.0.jar;C:\Documents and Settings\Anil\.m2\repository\net\sourceforge\htmlunit\htmlunit\2.11\htmlunit-2.11.jar;C:\Documents and Settings\Anil\.m2\repository\org\apache\commons\commons-lang3\3.1\commons-lang3-3.1.jar;C:\Documents and Settings\Anil\.m2\repository\org\apache\httpcomponents\httpmime\4.2.2\httpmime-4.2.2.jar;C:\Documents and Settings\Anil\.m2\repository\net\sourceforge\htmlunit\htmlunit-core-js\2.11\htmlunit-core-js-2.11.jar;C:\Documents and Settings\Anil\.m2\repository\net\sourceforge\nekohtml\nekohtml\1.9.17\nekohtml-1.9.17.jar;C:\Documents and Settings\Anil\.m2\repository\net\sourceforge\cssparser\cssparser\0.9.8\cssparser-0.9.8.jar;C:\Documents and Settings\Anil\.m2\repository\org\w3c\css\sac\1.3\sac-1.3.jar;C:\Documents and Settings\Anil\.m2\repository\org\eclipse\jetty\jetty-websocket\8.1.7.v20120910\jetty-websocket-8.1.7.v20120910.jar;C:\Documents and Settings\Anil\.m2\repository\org\eclipse\jetty\jetty-util\8.1.7.v20120910\jetty-util-8.1.7.v20120910.jar;C:\Documents and Settings\Anil\.m2\repository\org\eclipse\jetty\jetty-io\8.1.7.v20120910\jetty-io-8.1.7.v20120910.jar;C:\Documents and Settings\Anil\.m2\repository\org\eclipse\jetty\jetty-http\8.1.7.v20120910\jetty-http-8.1.7.v20120910.jar;C:\Documents and Settings\Anil\.m2\repository\org\apache\httpcomponents\httpclient\4.2.1\httpclient-4.2.1.jar;C:\Documents and Settings\Anil\.m2\repository\org\apache\httpcomponents\httpcore\4.2.1\httpcore-4.2.1.jar;C:\Documents and Settings\Anil\.m2\repository\org\seleniumhq\selenium\selenium-firefox-driver\2.28.0\selenium-firefox-driver-2.28.0.jar;C:\Documents and Settings\Anil\.m2\repository\commons-io\commons-io\2.2\commons-io-2.2.jar;C:\Documents and Settings\Anil\.m2\repository\org\apache\commons\commons-exec\1.1\commons-exec-1.1.jar;C:\Documents and Settings\Anil\.m2\repository\org\seleniumhq\selenium\selenium-ie-driver\2.28.0\selenium-ie-driver-2.28.0.jar;C:\Documents and Settings\Anil\.m2\repository\net\java\dev\jna\jna\3.4.0\jna-3.4.0.jar;C:\Documents and Settings\Anil\.m2\repository\net\java\dev\jna\platform\3.4.0\platform-3.4.0.jar;C:\Documents and Settings\Anil\.m2\repository\org\seleniumhq\selenium\selenium-iphone-driver\2.28.0\selenium-iphone-driver-2.28.0.jar;C:\Documents and Settings\Anil\.m2\repository\org\seleniumhq\selenium\selenium-safari-driver\2.28.0\selenium-safari-driver-2.28.0.jar;C:\Documents and Settings\Anil\.m2\repository\org\seleniumhq\selenium\selenium-support\2.28.0\selenium-support-2.28.0.jar;C:\Documents and Settings\Anil\.m2\repository\org\webbitserver\webbit\0.4.14\webbit-0.4.14.jar;C:\Documents and Settings\Anil\.m2\repository\io\netty\netty\3.5.2.Final\netty-3.5.2.Final.jar;C:\Documents and Settings\Anil\.m2\repository\org\yaml\snakeyaml\1.8\snakeyaml-1.8.jar;C:\Documents and Settings\Anil\.m2\repository\commons-codec\commons-codec\1.6\commons-codec-1.6.jar;D:\Java Program\TestFramework\lib\SauceREST.jar;D:\Java Program\TestFramework\lib\TestFramework-1.1.jar;C:\Documents and Settings\Anil\.m2\repository\junit\junit\4.8.2\junit-4.8.2.jar;C:\Documents and Settings\Anil\.m2\repository\maven\maven-junit-report-plugin\1.5.1\maven-junit-report-plugin-1.5.1.jar;C:\Documents and Settings\Anil\.m2\repository\commons-jelly\commons-jelly-tags-jsl\1.0\commons-jelly-tags-jsl-1.0.jar;C:\Documents and Settings\Anil\.m2\repository\commons-jelly\commons-jelly-tags-xml\1.1\commons-jelly-tags-xml-1.1.jar;C:\Documents and Settings\Anil\.m2\repository\xalan\xalan\2.3.1\xalan-2.3.1.jar;C:\Documents and Settings\Anil\.m2\repository\commons-jelly\commons-jelly-tags-junit\1.0\commons-jelly-tags-junit-1.0.jar;C:\Documents and Settings\Anil\.m2\repository\xml-apis\xml-apis\1.0.b2\xml-apis-1.0.b2.jar;C:\Documents and Settings\Anil\.m2\repository\commons-beanutils\commons-beanutils\1.6\commons-beanutils-1.6.jar;C:\Documents and Settings\Anil\.m2\repository\commons-collections\commons-collections\2.1\commons-collections-2.1.jar;C:\Documents and Settings\Anil\.m2\repository\commons-jexl\commons-jexl\1.0\commons-jexl-1.0.jar;C:\Documents and Settings\Anil\.m2\repository\commons-jelly\commons-jelly\1.0-RC2\commons-jelly-1.0-RC2.jar;C:\Documents and Settings\Anil\.m2\repository\javax\servlet\servlet-api\2.3\servlet-api-2.3.jar;C:\Documents and Settings\Anil\.m2\repository\commons-cli\commons-cli\1.0\commons-cli-1.0.jar;C:\Documents and Settings\Anil\.m2\repository\commons-lang\commons-lang\2.0\commons-lang-2.0.jar;C:\Documents and Settings\Anil\.m2\repository\commons-discovery\commons-discovery\20030211.213356\commons-discovery-20030211.213356.jar;C:\Documents and Settings\Anil\.m2\repository\forehead\forehead\1.0-beta-5\forehead-1.0-beta-5.jar;C:\Documents and Settings\Anil\.m2\repository\javax\servlet\jstl\1.0.6\jstl-1.0.6.jar;C:\Documents and Settings\Anil\.m2\repository\commons-logging\commons-logging\1.0.3\commons-logging-1.0.3.jar;C:\Documents and Settings\Anil\.m2\repository\dom4j\dom4j\1.5\dom4j-1.5.jar;C:\Documents and Settings\Anil\.m2\repository\jaxme\jaxme-api\0.3\jaxme-api-0.3.jar;C:\Documents and Settings\Anil\.m2\repository\msv\xsdlib\20030807\xsdlib-20030807.jar;C:\Documents and Settings\Anil\.m2\repository\msv\relaxngDatatype\20030807\relaxngDatatype-20030807.jar;C:\Documents and Settings\Anil\.m2\repository\pull-parser\pull-parser\2\pull-parser-2.jar;C:\Documents and Settings\Anil\.m2\repository\javax\xml\jsr173\1.0\jsr173-1.0.jar;C:\Documents and Settings\Anil\.m2\repository\jaxen\jaxen\1.1-beta-2\jaxen-1.1-beta-2.jar;C:\Documents and Settings\Anil\.m2\repository\xerces\xercesImpl\2.2.1\xercesImpl-2.2.1.jar;"/>
    <property name="java.specification.name" value="Java Platform API Specification"/>
    <property name="java.class.version" value="50.0"/>
    <property name="sun.management.compiler" value="HotSpot Client Compiler"/>
    <property name="os.version" value="5.1"/>
    <property name="user.home" value="C:\Documents and Settings\Anil"/>
    <property name="user.timezone" value="Asia/Calcutta"/>
    <property name="java.awt.printerjob" value="sun.awt.windows.WPrinterJob"/>
    <property name="java.specification.version" value="1.6"/>
    <property name="file.encoding" value="Cp1252"/>
    <property name="user.name" value="anil"/>
    <property name="java.class.path" value="D:\Java Program\TestFramework\target\test-classes;D:\Java Program\TestFramework\target\classes;C:\Documents and Settings\Anil\.m2\repository\org\seleniumhq\selenium\selenium-server\2.28.0\selenium-server-2.28.0.jar;C:\Documents and Settings\Anil\.m2\repository\org\bouncycastle\bcprov-jdk15on\1.47\bcprov-jdk15on-1.47.jar;C:\Documents and Settings\Anil\.m2\repository\org\bouncycastle\bcpkix-jdk15on\1.47\bcpkix-jdk15on-1.47.jar;C:\Documents and Settings\Anil\.m2\repository\mx4j\mx4j-tools\3.0.1\mx4j-tools-3.0.1.jar;C:\Documents and Settings\Anil\.m2\repository\org\mortbay\jetty\servlet-api-2.5\6.1.9\servlet-api-2.5-6.1.9.jar;C:\Documents and Settings\Anil\.m2\repository\org\seleniumhq\selenium\jetty-repacked\7.6.1\jetty-repacked-7.6.1.jar;C:\Documents and Settings\Anil\.m2\repository\net\jcip\jcip-annotations\1.0\jcip-annotations-1.0.jar;C:\Documents and Settings\Anil\.m2\repository\org\seleniumhq\selenium\selenium-java\2.28.0\selenium-java-2.28.0.jar;C:\Documents and Settings\Anil\.m2\repository\org\seleniumhq\selenium\selenium-android-driver\2.28.0\selenium-android-driver-2.28.0.jar;C:\Documents and Settings\Anil\.m2\repository\org\seleniumhq\selenium\selenium-remote-driver\2.28.0\selenium-remote-driver-2.28.0.jar;C:\Documents and Settings\Anil\.m2\repository\cglib\cglib-nodep\2.1_3\cglib-nodep-2.1_3.jar;C:\Documents and Settings\Anil\.m2\repository\org\json\json\20080701\json-20080701.jar;C:\Documents and Settings\Anil\.m2\repository\com\google\guava\guava\13.0.1\guava-13.0.1.jar;C:\Documents and Settings\Anil\.m2\repository\org\seleniumhq\selenium\selenium-chrome-driver\2.28.0\selenium-chrome-driver-2.28.0.jar;C:\Documents and Settings\Anil\.m2\repository\org\seleniumhq\selenium\selenium-htmlunit-driver\2.28.0\selenium-htmlunit-driver-2.28.0.jar;C:\Documents and Settings\Anil\.m2\repository\org\seleniumhq\selenium\selenium-api\2.28.0\selenium-api-2.28.0.jar;C:\Documents and Settings\Anil\.m2\repository\net\sourceforge\htmlunit\htmlunit\2.11\htmlunit-2.11.jar;C:\Documents and Settings\Anil\.m2\repository\org\apache\commons\commons-lang3\3.1\commons-lang3-3.1.jar;C:\Documents and Settings\Anil\.m2\repository\org\apache\httpcomponents\httpmime\4.2.2\httpmime-4.2.2.jar;C:\Documents and Settings\Anil\.m2\repository\net\sourceforge\htmlunit\htmlunit-core-js\2.11\htmlunit-core-js-2.11.jar;C:\Documents and Settings\Anil\.m2\repository\net\sourceforge\nekohtml\nekohtml\1.9.17\nekohtml-1.9.17.jar;C:\Documents and Settings\Anil\.m2\repository\net\sourceforge\cssparser\cssparser\0.9.8\cssparser-0.9.8.jar;C:\Documents and Settings\Anil\.m2\repository\org\w3c\css\sac\1.3\sac-1.3.jar;C:\Documents and Settings\Anil\.m2\repository\org\eclipse\jetty\jetty-websocket\8.1.7.v20120910\jetty-websocket-8.1.7.v20120910.jar;C:\Documents and Settings\Anil\.m2\repository\org\eclipse\jetty\jetty-util\8.1.7.v20120910\jetty-util-8.1.7.v20120910.jar;C:\Documents and Settings\Anil\.m2\repository\org\eclipse\jetty\jetty-io\8.1.7.v20120910\jetty-io-8.1.7.v20120910.jar;C:\Documents and Settings\Anil\.m2\repository\org\eclipse\jetty\jetty-http\8.1.7.v20120910\jetty-http-8.1.7.v20120910.jar;C:\Documents and Settings\Anil\.m2\repository\org\apache\httpcomponents\httpclient\4.2.1\httpclient-4.2.1.jar;C:\Documents and Settings\Anil\.m2\repository\org\apache\httpcomponents\httpcore\4.2.1\httpcore-4.2.1.jar;C:\Documents and Settings\Anil\.m2\repository\org\seleniumhq\selenium\selenium-firefox-driver\2.28.0\selenium-firefox-driver-2.28.0.jar;C:\Documents and Settings\Anil\.m2\repository\commons-io\commons-io\2.2\commons-io-2.2.jar;C:\Documents and Settings\Anil\.m2\repository\org\apache\commons\commons-exec\1.1\commons-exec-1.1.jar;C:\Documents and Settings\Anil\.m2\repository\org\seleniumhq\selenium\selenium-ie-driver\2.28.0\selenium-ie-driver-2.28.0.jar;C:\Documents and Settings\Anil\.m2\repository\net\java\dev\jna\jna\3.4.0\jna-3.4.0.jar;C:\Documents and Settings\Anil\.m2\repository\net\java\dev\jna\platform\3.4.0\platform-3.4.0.jar;C:\Documents and Settings\Anil\.m2\repository\org\seleniumhq\selenium\selenium-iphone-driver\2.28.0\selenium-iphone-driver-2.28.0.jar;C:\Documents and Settings\Anil\.m2\repository\org\seleniumhq\selenium\selenium-safari-driver\2.28.0\selenium-safari-driver-2.28.0.jar;C:\Documents and Settings\Anil\.m2\repository\org\seleniumhq\selenium\selenium-support\2.28.0\selenium-support-2.28.0.jar;C:\Documents and Settings\Anil\.m2\repository\org\webbitserver\webbit\0.4.14\webbit-0.4.14.jar;C:\Documents and Settings\Anil\.m2\repository\io\netty\netty\3.5.2.Final\netty-3.5.2.Final.jar;C:\Documents and Settings\Anil\.m2\repository\org\yaml\snakeyaml\1.8\snakeyaml-1.8.jar;C:\Documents and Settings\Anil\.m2\repository\commons-codec\commons-codec\1.6\commons-codec-1.6.jar;D:\Java Program\TestFramework\lib\SauceREST.jar;D:\Java Program\TestFramework\lib\TestFramework-1.1.jar;C:\Documents and Settings\Anil\.m2\repository\junit\junit\4.8.2\junit-4.8.2.jar;C:\Documents and Settings\Anil\.m2\repository\maven\maven-junit-report-plugin\1.5.1\maven-junit-report-plugin-1.5.1.jar;C:\Documents and Settings\Anil\.m2\repository\commons-jelly\commons-jelly-tags-jsl\1.0\commons-jelly-tags-jsl-1.0.jar;C:\Documents and Settings\Anil\.m2\repository\commons-jelly\commons-jelly-tags-xml\1.1\commons-jelly-tags-xml-1.1.jar;C:\Documents and Settings\Anil\.m2\repository\xalan\xalan\2.3.1\xalan-2.3.1.jar;C:\Documents and Settings\Anil\.m2\repository\commons-jelly\commons-jelly-tags-junit\1.0\commons-jelly-tags-junit-1.0.jar;C:\Documents and Settings\Anil\.m2\repository\xml-apis\xml-apis\1.0.b2\xml-apis-1.0.b2.jar;C:\Documents and Settings\Anil\.m2\repository\commons-beanutils\commons-beanutils\1.6\commons-beanutils-1.6.jar;C:\Documents and Settings\Anil\.m2\repository\commons-collections\commons-collections\2.1\commons-collections-2.1.jar;C:\Documents and Settings\Anil\.m2\repository\commons-jexl\commons-jexl\1.0\commons-jexl-1.0.jar;C:\Documents and Settings\Anil\.m2\repository\commons-jelly\commons-jelly\1.0-RC2\commons-jelly-1.0-RC2.jar;C:\Documents and Settings\Anil\.m2\repository\javax\servlet\servlet-api\2.3\servlet-api-2.3.jar;C:\Documents and Settings\Anil\.m2\repository\commons-cli\commons-cli\1.0\commons-cli-1.0.jar;C:\Documents and Settings\Anil\.m2\repository\commons-lang\commons-lang\2.0\commons-lang-2.0.jar;C:\Documents and Settings\Anil\.m2\repository\commons-discovery\commons-discovery\20030211.213356\commons-discovery-20030211.213356.jar;C:\Documents and Settings\Anil\.m2\repository\forehead\forehead\1.0-beta-5\forehead-1.0-beta-5.jar;C:\Documents and Settings\Anil\.m2\repository\javax\servlet\jstl\1.0.6\jstl-1.0.6.jar;C:\Documents and Settings\Anil\.m2\repository\commons-logging\commons-logging\1.0.3\commons-logging-1.0.3.jar;C:\Documents and Settings\Anil\.m2\repository\dom4j\dom4j\1.5\dom4j-1.5.jar;C:\Documents and Settings\Anil\.m2\repository\jaxme\jaxme-api\0.3\jaxme-api-0.3.jar;C:\Documents and Settings\Anil\.m2\repository\msv\xsdlib\20030807\xsdlib-20030807.jar;C:\Documents and Settings\Anil\.m2\repository\msv\relaxngDatatype\20030807\relaxngDatatype-20030807.jar;C:\Documents and Settings\Anil\.m2\repository\pull-parser\pull-parser\2\pull-parser-2.jar;C:\Documents and Settings\Anil\.m2\repository\javax\xml\jsr173\1.0\jsr173-1.0.jar;C:\Documents and Settings\Anil\.m2\repository\jaxen\jaxen\1.1-beta-2\jaxen-1.1-beta-2.jar;C:\Documents and Settings\Anil\.m2\repository\xerces\xercesImpl\2.2.1\xercesImpl-2.2.1.jar;"/>
    <property name="java.vm.specification.version" value="1.0"/>
    <property name="sun.arch.data.model" value="32"/>
    <property name="java.home" value="C:\Program Files\Java\jdk1.6.0_24\jre"/>
    <property name="java.specification.vendor" value="Sun Microsystems Inc."/>
    <property name="user.language" value="en"/>
    <property name="awt.toolkit" value="sun.awt.windows.WToolkit"/>
    <property name="java.vm.info" value="mixed mode, sharing"/>
    <property name="java.version" value="1.6.0_24"/>
    <property name="java.ext.dirs" value="C:\Program Files\Java\jdk1.6.0_24\jre\lib\ext;C:\WINDOWS\Sun\Java\lib\ext"/>
    <property name="sun.boot.class.path" value="C:\Program Files\Java\jdk1.6.0_24\jre\lib\resources.jar;C:\Program Files\Java\jdk1.6.0_24\jre\lib\rt.jar;C:\Program Files\Java\jdk1.6.0_24\jre\lib\sunrsasign.jar;C:\Program Files\Java\jdk1.6.0_24\jre\lib\jsse.jar;C:\Program Files\Java\jdk1.6.0_24\jre\lib\jce.jar;C:\Program Files\Java\jdk1.6.0_24\jre\lib\charsets.jar;C:\Program Files\Java\jdk1.6.0_24\jre\lib\modules\jdk.boot.jar;C:\Program Files\Java\jdk1.6.0_24\jre\classes"/>
    <property name="java.vendor" value="Sun Microsystems Inc."/>
    <property name="localRepository" value="C:\Documents and Settings\Anil\.m2\repository"/>
    <property name="file.separator" value="\"/>
    <property name="java.vendor.url.bug" value="http://java.sun.com/cgi-bin/bugreport.cgi"/>
    <property name="sun.cpu.endian" value="little"/>
    <property name="sun.io.unicode.encoding" value="UnicodeLittle"/>
    <property name="sun.desktop" value="windows"/>
    <property name="sun.cpu.isalist" value="pentium_pro+mmx pentium_pro pentium+mmx pentium i486 i386 i86"/>
  </properties>
  <testcase time="0" classname="testautomation.testcases.FacebookPearsonHSCTests" name="HSCTest_Test[1]"/>
  <testcase time="0" classname="testautomation.testcases.FacebookPearsonHSCTests" name="HSCTest_Test[0]"/>
</testsuite>